#
# There is insufficient memory for the Java Runtime Environment to continue.
# Native memory allocation (mmap) failed to map 201326592 bytes for Failed to commit area from 0x0000000741e00000 to 0x000000074de00000 of length 201326592.
# Possible reasons:
#   The system is out of physical RAM or swap space
#   The process is running with CompressedOops enabled, and the Java Heap may be blocking the growth of the native heap
# Possible solutions:
#   Reduce memory load on the system
#   Increase physical memory or swap space
#   Check if swap backing store is full
#   Decrease Java heap size (-Xmx/-Xms)
#   Decrease number of Java threads
#   Decrease Java thread stack sizes (-Xss)
#   Set larger code cache with -XX:ReservedCodeCacheSize=
#   JVM is running with Zero Based Compressed Oops mode in which the Java heap is
#     placed in the first 32GB address space. The Java Heap base address is the
#     maximum limit for the native heap growth. Please use -XX:HeapBaseMinAddress
#     to set the Java Heap base and to place the Java Heap above 32GB virtual address.
# This output file may be truncated or incomplete.
#
#  Out of Memory Error (./open/src/hotspot/os/windows/os_windows.cpp:3315), pid=11908, tid=5924
#
# JRE version:  (14.0.1+7) (build )
# Java VM: Java HotSpot(TM) 64-Bit Server VM (14.0.1+7, mixed mode, sharing, tiered, compressed oops, g1 gc, windows-amd64)
# No core dump will be written. Minidumps are not enabled by default on client versions of Windows
#

---------------  S U M M A R Y ------------

Command Line: -javaagent:C:\Program Files\JetBrains\IntelliJ IDEA Community Edition 2020.1.1\lib\idea_rt.jar=52525:C:\Program Files\JetBrains\IntelliJ IDEA Community Edition 2020.1.1\bin -Dfile.encoding=UTF-8 MainKt

Host: Intel(R) Core(TM) i7-5500U CPU @ 2.40GHz, 4 cores, 11G,  Windows 10 , 64 bit Build 18362 (10.0.18362.778)
Time: Wed Jun  3 13:11:50 2020 SA Pacific Standard Time elapsed time: 0 seconds (0d 0h 0m 0s)

---------------  T H R E A D  ---------------

Current thread (0x0000019b12bfb800):  JavaThread "Unknown thread" [_thread_in_vm, id=5924, stack(0x0000001e97200000,0x0000001e97300000)]

Stack: [0x0000001e97200000,0x0000001e97300000]
Native frames: (J=compiled Java code, j=interpreted, Vv=VM code, C=native code)
V  [jvm.dll+0x5f840a]
V  [jvm.dll+0x741e4a]
V  [jvm.dll+0x7435ff]
V  [jvm.dll+0x743c43]
V  [jvm.dll+0x20d288]
V  [jvm.dll+0x5f57ba]
V  [jvm.dll+0x5ea615]
V  [jvm.dll+0x2c7e9c]
V  [jvm.dll+0x2c7cd2]
V  [jvm.dll+0x2cdbbc]
V  [jvm.dll+0x313ff8]
V  [jvm.dll+0x313720]
V  [jvm.dll+0x2a092a]
V  [jvm.dll+0x2a1a79]
V  [jvm.dll+0x71f718]
V  [jvm.dll+0x321c44]
V  [jvm.dll+0x700b0c]
V  [jvm.dll+0x392dff]
V  [jvm.dll+0x394e71]
C  [jli.dll+0x523b]
C  [ucrtbase.dll+0x20e82]
C  [KERNEL32.DLL+0x17bd4]
C  [ntdll.dll+0x6ce51]


---------------  P R O C E S S  ---------------

Threads class SMR info:
_java_thread_list=0x00007ff9c6673078, length=0, elements={
}

Java Threads: ( => current thread )

Other Threads:
  0x0000019b12c4e800 GCTaskThread "GC Thread#0" [stack: 0x0000001e97300000,0x0000001e97400000] [id=11372]
  0x0000019b12c6a800 ConcurrentGCThread "G1 Main Marker" [stack: 0x0000001e97400000,0x0000001e97500000] [id=12144]
  0x0000019b12c6c800 ConcurrentGCThread "G1 Conc#0" [stack: 0x0000001e97500000,0x0000001e97600000] [id=8568]

[error occurred during error reporting (printing all threads), id 0xc0000005, EXCEPTION_ACCESS_VIOLATION (0xc0000005) at pc=0x00007ff9c5ea1257]

VM state:not at safepoint (not fully initialized)

VM Mutex/Monitor currently owned by a thread:  ([mutex/lock_event])
[0x0000019b12bf77b0] Heap_lock - owner thread: 0x0000019b12bfb800

Heap address: 0x0000000741e00000, size: 3042 MB, Compressed Oops mode: Zero based, Oop shift amount: 3
Narrow klass base: 0x0000000000000000, Narrow klass shift: 0

GC Heap History (0 events):
No events

Deoptimization events (0 events):
No events

Classes unloaded (0 events):
No events

Classes redefined (0 events):
No events

Internal exceptions (0 events):
No events

Events (2 events):
Event: 0.181 Loaded shared library C:\Program Files\Java\jdk-14.0.1\bin\java.dll
Event: 0.182 Loaded shared library C:\Program Files\Java\jdk-14.0.1\bin\zip.dll


Dynamic libraries:
0x00007ff663b20000 - 0x00007ff663b2f000 	C:\Program Files\Java\jdk-14.0.1\bin\java.exe
0x00007ffa24ae0000 - 0x00007ffa24cd0000 	C:\WINDOWS\SYSTEM32\ntdll.dll
0x00007ffa23a10000 - 0x00007ffa23ac2000 	C:\WINDOWS\System32\KERNEL32.DLL
0x00007ffa222b0000 - 0x00007ffa22554000 	C:\WINDOWS\System32\KERNELBASE.dll
0x00007ffa22a90000 - 0x00007ffa22b8a000 	C:\WINDOWS\System32\ucrtbase.dll
0x00007ffa1ad80000 - 0x00007ffa1ad95000 	C:\Program Files\Java\jdk-14.0.1\bin\VCRUNTIME140.dll
0x00007ffa1ada0000 - 0x00007ffa1adb8000 	C:\Program Files\Java\jdk-14.0.1\bin\jli.dll
0x00007ffa22f70000 - 0x00007ffa23013000 	C:\WINDOWS\System32\ADVAPI32.dll
0x00007ffa23970000 - 0x00007ffa23a0e000 	C:\WINDOWS\System32\msvcrt.dll
0x00007ffa23ef0000 - 0x00007ffa23f87000 	C:\WINDOWS\System32\sechost.dll
0x00007ffa22ce0000 - 0x00007ffa22e00000 	C:\WINDOWS\System32\RPCRT4.dll
0x00007ffa24020000 - 0x00007ffa241b4000 	C:\WINDOWS\System32\USER32.dll
0x00007ffa221f0000 - 0x00007ffa22211000 	C:\WINDOWS\System32\win32u.dll
0x00007ffa248b0000 - 0x00007ffa248d6000 	C:\WINDOWS\System32\GDI32.dll
0x00007ffa228a0000 - 0x00007ffa22a34000 	C:\WINDOWS\System32\gdi32full.dll
0x00007ffa22560000 - 0x00007ffa225fe000 	C:\WINDOWS\System32\msvcp_win.dll
0x00007ffa13820000 - 0x00007ffa13aa4000 	C:\WINDOWS\WinSxS\amd64_microsoft.windows.common-controls_6595b64144ccf1df_6.0.18362.836_none_e6c4b943130f18ed\COMCTL32.dll
0x00007ffa23630000 - 0x00007ffa23966000 	C:\WINDOWS\System32\combase.dll
0x00007ffa22600000 - 0x00007ffa22680000 	C:\WINDOWS\System32\bcryptPrimitives.dll
0x00007ffa17060000 - 0x00007ffa1706a000 	C:\WINDOWS\SYSTEM32\VERSION.dll
0x00007ffa23f90000 - 0x00007ffa23fbe000 	C:\WINDOWS\System32\IMM32.DLL
0x00007ffa0aed0000 - 0x00007ffa0af6b000 	C:\Program Files\Java\jdk-14.0.1\bin\msvcp140.dll
0x00007ff9c5bf0000 - 0x00007ff9c670e000 	C:\Program Files\Java\jdk-14.0.1\bin\server\jvm.dll
0x00007ffa248e0000 - 0x00007ffa248e8000 	C:\WINDOWS\System32\PSAPI.DLL
0x00007ffa204b0000 - 0x00007ffa204b9000 	C:\WINDOWS\SYSTEM32\WSOCK32.dll
0x00007ffa1e6b0000 - 0x00007ffa1e6d4000 	C:\WINDOWS\SYSTEM32\WINMM.dll
0x00007ffa22e90000 - 0x00007ffa22eff000 	C:\WINDOWS\System32\WS2_32.dll
0x00007ffa1e680000 - 0x00007ffa1e6ad000 	C:\WINDOWS\SYSTEM32\WINMMBASE.dll
0x00007ffa22a40000 - 0x00007ffa22a8a000 	C:\WINDOWS\System32\cfgmgr32.dll
0x00007ffa219b0000 - 0x00007ffa219c1000 	C:\WINDOWS\System32\kernel.appcore.dll
0x00007ffa1ad70000 - 0x00007ffa1ad7a000 	C:\Program Files\Java\jdk-14.0.1\bin\jimage.dll
0x00007ffa20290000 - 0x00007ffa20484000 	C:\WINDOWS\SYSTEM32\DBGHELP.DLL
0x00007ffa0d8c0000 - 0x00007ffa0d8ea000 	C:\WINDOWS\SYSTEM32\dbgcore.DLL
0x00007ffa1d5a0000 - 0x00007ffa1d5ae000 	C:\Program Files\Java\jdk-14.0.1\bin\instrument.dll
0x00007ffa1aa80000 - 0x00007ffa1aaa5000 	C:\Program Files\Java\jdk-14.0.1\bin\java.dll
0x00007ffa1ad50000 - 0x00007ffa1ad66000 	C:\Program Files\Java\jdk-14.0.1\bin\zip.dll

dbghelp: loaded successfully - version: 4.0.5 - missing functions: none
symbol engine: initialized successfully - sym options: 0x614 - pdb path: .;C:\Program Files\Java\jdk-14.0.1\bin;C:\WINDOWS\SYSTEM32;C:\WINDOWS\WinSxS\amd64_microsoft.windows.common-controls_6595b64144ccf1df_6.0.18362.836_none_e6c4b943130f18ed;C:\Program Files\Java\jdk-14.0.1\bin\server

VM Arguments:
jvm_args: -javaagent:C:\Program Files\JetBrains\IntelliJ IDEA Community Edition 2020.1.1\lib\idea_rt.jar=52525:C:\Program Files\JetBrains\IntelliJ IDEA Community Edition 2020.1.1\bin -Dfile.encoding=UTF-8 
java_command: MainKt
java_class_path (initial): C:\Users\cepal\IdeaProjects\zombie sanctum\out\production\zombie sanctum;C:\Users\cepal\AppData\Roaming\JetBrains\IdeaIC2020.1\plugins\Kotlin\kotlinc\lib\kotlin-stdlib.jar;C:\Users\cepal\AppData\Roaming\JetBrains\IdeaIC2020.1\plugins\Kotlin\kotlinc\lib\kotlin-reflect.jar;C:\Users\cepal\AppData\Roaming\JetBrains\IdeaIC2020.1\plugins\Kotlin\kotlinc\lib\kotlin-test.jar;C:\Users\cepal\AppData\Roaming\JetBrains\IdeaIC2020.1\plugins\Kotlin\kotlinc\lib\kotlin-stdlib-jdk7.jar;C:\Users\cepal\AppData\Roaming\JetBrains\IdeaIC2020.1\plugins\Kotlin\kotlinc\lib\kotlin-stdlib-jdk8.jar
Launcher Type: SUN_STANDARD

[Global flags]
     intx CICompilerCount                          = 3                                         {product} {ergonomic}
     uint ConcGCThreads                            = 1                                         {product} {ergonomic}
     uint G1ConcRefinementThreads                  = 4                                         {product} {ergonomic}
   size_t G1HeapRegionSize                         = 1048576                                   {product} {ergonomic}
    uintx GCDrainStackTargetSize                   = 64                                        {product} {ergonomic}
   size_t InitialHeapSize                          = 201326592                                 {product} {ergonomic}
   size_t MarkStackSize                            = 4194304                                   {product} {ergonomic}
   size_t MaxHeapSize                              = 3189768192                                {product} {ergonomic}
   size_t MinHeapDeltaBytes                        = 1048576                                   {product} {ergonomic}
   size_t MinHeapSize                              = 8388608                                   {product} {ergonomic}
    uintx NonNMethodCodeHeapSize                   = 5832780                                {pd product} {ergonomic}
    uintx NonProfiledCodeHeapSize                  = 122912730                              {pd product} {ergonomic}
    uintx ProfiledCodeHeapSize                     = 122912730                              {pd product} {ergonomic}
    uintx ReservedCodeCacheSize                    = 251658240                              {pd product} {ergonomic}
     bool SegmentedCodeCache                       = true                                      {product} {ergonomic}
   size_t SoftMaxHeapSize                          = 3189768192                             {manageable} {ergonomic}
     bool UseCompressedClassPointers               = true                                 {lp64_product} {ergonomic}
     bool UseCompressedOops                        = true                                 {lp64_product} {ergonomic}
     bool UseG1GC                                  = true                                      {product} {ergonomic}
     bool UseLargePagesIndividualAllocation        = false                                  {pd product} {ergonomic}

Logging:
Log output configuration:
 #0: stdout all=warning uptime,level,tags
 #1: stderr all=off uptime,level,tags

Environment Variables:
PATH=C:\WINDOWS\system32;C:\WINDOWS;C:\WINDOWS\System32\Wbem;C:\WINDOWS\System32\WindowsPowerShell\v1.0\;C:\WINDOWS\System32\OpenSSH\;C:\Program Files\Java\jdk-14.0.1\bin;C:\Program Files\Git\cmd;C:\Users\cepal\AppData\Local\Microsoft\WindowsApps;C:\Users\cepal\AppData\Local\Android\Sdk\platform-tools;C:\Program Files\JetBrains\IntelliJ IDEA Community Edition 2020.1.1\bin;C:\Users\cepal\AppData\Local\atom\bin;C:\Users\cepal\AppData\Local\GitHubDesktop\bin
USERNAME=cepal
OS=Windows_NT
PROCESSOR_IDENTIFIER=Intel64 Family 6 Model 61 Stepping 4, GenuineIntel



---------------  S Y S T E M  ---------------

OS: Windows 10 , 64 bit Build 18362 (10.0.18362.778)
OS uptime: 0 days 5:51 hours

CPU:total 4 (initial active 4) (2 cores per cpu, 2 threads per core) family 6 model 61 stepping 4, cmov, cx8, fxsr, mmx, sse, sse2, sse3, ssse3, sse4.1, sse4.2, popcnt, avx, avx2, aes, clmul, erms, 3dnowpref, lzcnt, ht, tsc, tscinvbit, bmi1, bmi2, adx, fma

Memory: 4k page, system-wide physical 12167M (1352M free)
TotalPageFile size 12167M (AvailPageFile size 189M)
current process WorkingSet (physical memory assigned to process): 10M, peak: 10M
current process commit charge ("private bytes"): 52M, peak: 244M

vm_info: Java HotSpot(TM) 64-Bit Server VM (14.0.1+7) for windows-amd64 JRE (14.0.1+7), built on Mar  5 2020 10:30:14 by "mach5one" with MS VC++ 15.9 (VS2017)

END.
